----------

Thu Dec 15 2022 02:45:50 GMT+0500 (Pakistan Standard Time)

warning: in the working copy of 'assets/bootstrap/css/bootstrap.min.css', LF will be replaced by CRLF the next time Git touches it


----------

Thu Dec 15 2022 02:45:50 GMT+0500 (Pakistan Standard Time)

warning: in the working copy of 'assets/bootstrap/js/bootstrap.min.js', LF will be replaced by CRLF the next time Git touches it


----------

Thu Dec 15 2022 02:45:50 GMT+0500 (Pakistan Standard Time)

warning: in the working copy of 'D-Appointments.html', LF will be replaced by CRLF the next time Git touches it


----------

Thu Dec 15 2022 02:45:50 GMT+0500 (Pakistan Standard Time)

warning: in the working copy of 'D-Chats.html', LF will be replaced by CRLF the next time Git touches it


----------

Thu Dec 15 2022 02:45:50 GMT+0500 (Pakistan Standard Time)

warning: in the working copy of 'D-Dashboard.html', LF will be replaced by CRLF the next time Git touches it


----------

Thu Dec 15 2022 02:45:50 GMT+0500 (Pakistan Standard Time)

warning: in the working copy of 'D-Home.html', LF will be replaced by CRLF the next time Git touches it


----------

Thu Dec 15 2022 02:45:50 GMT+0500 (Pakistan Standard Time)

warning: in the working copy of 'D-Patients.html', LF will be replaced by CRLF the next time Git touches it


----------

Thu Dec 15 2022 02:45:50 GMT+0500 (Pakistan Standard Time)

warning: in the working copy of 'D-Profile.html', LF will be replaced by CRLF the next time Git touches it


----------

Thu Dec 15 2022 02:45:50 GMT+0500 (Pakistan Standard Time)

warning: in the working copy of 'D-ProfileEdit.html', LF will be replaced by CRLF the next time Git touches it


----------

Thu Dec 15 2022 02:45:50 GMT+0500 (Pakistan Standard Time)

warning: in the working copy of 'D-login.html', LF will be replaced by CRLF the next time Git touches it


----------

Thu Dec 15 2022 02:45:50 GMT+0500 (Pakistan Standard Time)

warning: in the working copy of 'D-signup.html', LF will be replaced by CRLF the next time Git touches it


----------

Thu Dec 15 2022 02:45:50 GMT+0500 (Pakistan Standard Time)

warning: in the working copy of 'assets/css/Account-setting-or-edit-profile.css', LF will be replaced by CRLF the next time Git touches it


----------

Thu Dec 15 2022 02:45:50 GMT+0500 (Pakistan Standard Time)

warning: in the working copy of 'assets/css/Appointments.css', LF will be replaced by CRLF the next time Git touches it


----------

Thu Dec 15 2022 02:45:50 GMT+0500 (Pakistan Standard Time)

warning: in the working copy of 'assets/css/Background-motion1-Button-Outlines---Pretty.css', LF will be replaced by CRLF the next time Git touches it


----------

Thu Dec 15 2022 02:45:50 GMT+0500 (Pakistan Standard Time)

warning: in the working copy of 'assets/css/Background-motion1-untitled.css', LF will be replaced by CRLF the next time Git touches it


----------

Thu Dec 15 2022 02:45:50 GMT+0500 (Pakistan Standard Time)

warning: in the working copy of 'assets/css/Bootstrap-Chat.css', LF will be replaced by CRLF the next time Git touches it


----------

Thu Dec 15 2022 02:45:50 GMT+0500 (Pakistan Standard Time)

warning: in the working copy of 'assets/css/Community-ChatComments.css', LF will be replaced by CRLF the next time Git touches it


----------

Thu Dec 15 2022 02:45:50 GMT+0500 (Pakistan Standard Time)

warning: in the working copy of 'assets/css/Drag--Drop-Upload-Form.css', LF will be replaced by CRLF the next time Git touches it


----------

Thu Dec 15 2022 02:45:50 GMT+0500 (Pakistan Standard Time)

warning: in the working copy of 'assets/css/Drag-Drop-File-Input-Upload.css', LF will be replaced by CRLF the next time Git touches it


----------

Thu Dec 15 2022 02:45:50 GMT+0500 (Pakistan Standard Time)

warning: in the working copy of 'assets/css/Hero-Features-icons.css', LF will be replaced by CRLF the next time Git touches it


----------

Thu Dec 15 2022 02:45:50 GMT+0500 (Pakistan Standard Time)

warning: in the working copy of 'assets/css/Loginbtn.css', LF will be replaced by CRLF the next time Git touches it


----------

Thu Dec 15 2022 02:45:50 GMT+0500 (Pakistan Standard Time)

warning: in the working copy of 'assets/css/Profile-with-data-and-skills.css', LF will be replaced by CRLF the next time Git touches it


----------

Thu Dec 15 2022 02:45:50 GMT+0500 (Pakistan Standard Time)

warning: in the working copy of 'assets/css/Search-Input-responsive.css', LF will be replaced by CRLF the next time Git touches it


----------

Thu Dec 15 2022 02:45:50 GMT+0500 (Pakistan Standard Time)

warning: in the working copy of 'assets/css/aos.min.css', LF will be replaced by CRLF the next time Git touches it


----------

Thu Dec 15 2022 02:45:50 GMT+0500 (Pakistan Standard Time)

warning: in the working copy of 'assets/css/bar.css', LF will be replaced by CRLF the next time Git touches it


----------

Thu Dec 15 2022 02:45:50 GMT+0500 (Pakistan Standard Time)

warning: in the working copy of 'assets/css/bootstrap.min.css', LF will be replaced by CRLF the next time Git touches it


----------

Thu Dec 15 2022 02:45:50 GMT+0500 (Pakistan Standard Time)

warning: in the working copy of 'assets/css/dh-card-image-left-dark.css', LF will be replaced by CRLF the next time Git touches it


----------

Thu Dec 15 2022 02:45:50 GMT+0500 (Pakistan Standard Time)

warning: in the working copy of 'assets/css/inbox.css', LF will be replaced by CRLF the next time Git touches it


----------

Thu Dec 15 2022 02:45:50 GMT+0500 (Pakistan Standard Time)

warning: in the working copy of 'assets/css/profile.css', LF will be replaced by CRLF the next time Git touches it


----------

Thu Dec 15 2022 02:45:50 GMT+0500 (Pakistan Standard Time)

warning: in the working copy of 'assets/css/search.css', LF will be replaced by CRLF the next time Git touches it


----------

Thu Dec 15 2022 02:45:50 GMT+0500 (Pakistan Standard Time)

warning: in the working copy of 'assets/css/untitled-1.css', LF will be replaced by CRLF the next time Git touches it


----------

Thu Dec 15 2022 02:45:50 GMT+0500 (Pakistan Standard Time)

warning: in the working copy of 'assets/fonts/MaterialIcons-Regular.svg', LF will be replaced by CRLF the next time Git touches it


----------

Thu Dec 15 2022 02:45:50 GMT+0500 (Pakistan Standard Time)

warning: in the working copy of 'assets/fonts/fa-brands-400.svg', LF will be replaced by CRLF the next time Git touches it


----------

Thu Dec 15 2022 02:45:50 GMT+0500 (Pakistan Standard Time)

warning: in the working copy of 'assets/fonts/fa-regular-400.svg', LF will be replaced by CRLF the next time Git touches it


----------

Thu Dec 15 2022 02:45:51 GMT+0500 (Pakistan Standard Time)

warning: in the working copy of 'assets/fonts/fa-solid-900.svg', LF will be replaced by CRLF the next time Git touches it


----------

Thu Dec 15 2022 02:45:51 GMT+0500 (Pakistan Standard Time)

warning: in the working copy of 'assets/fonts/font-awesome.min.css', LF will be replaced by CRLF the next time Git touches it


----------

Thu Dec 15 2022 02:45:51 GMT+0500 (Pakistan Standard Time)

warning: in the working copy of 'assets/fonts/fontawesome-all.min.css', LF will be replaced by CRLF the next time Git touches it


----------

Thu Dec 15 2022 02:45:51 GMT+0500 (Pakistan Standard Time)

warning: in the working copy of 'assets/fonts/fontawesome-webfont.svg', LF will be replaced by CRLF the next time Git touches it


----------

Thu Dec 15 2022 02:45:51 GMT+0500 (Pakistan Standard Time)

warning: in the working copy of 'assets/fonts/ionicons.min.css', LF will be replaced by CRLF the next time Git touches it


----------

Thu Dec 15 2022 02:45:51 GMT+0500 (Pakistan Standard Time)

warning: in the working copy of 'assets/fonts/ionicons.svg', LF will be replaced by CRLF the next time Git touches it


----------

Thu Dec 15 2022 02:45:51 GMT+0500 (Pakistan Standard Time)

warning: in the working copy of 'assets/fonts/typicons.svg', LF will be replaced by CRLF the next time Git touches it


----------

Thu Dec 15 2022 02:45:51 GMT+0500 (Pakistan Standard Time)

warning: in the working copy of 'assets/js/Animated-gradient-background.js', LF will be replaced by CRLF the next time Git touches it


----------

Thu Dec 15 2022 02:45:51 GMT+0500 (Pakistan Standard Time)

warning: in the working copy of 'assets/js/Ludens---1-Index-Table-with-Search--Sort-Filters-v20.js', LF will be replaced by CRLF the next time Git touches it


----------

Thu Dec 15 2022 02:45:51 GMT+0500 (Pakistan Standard Time)

warning: in the working copy of 'assets/js/bold-and-bright.js', LF will be replaced by CRLF the next time Git touches it


----------

Thu Dec 15 2022 02:45:51 GMT+0500 (Pakistan Standard Time)

warning: in the working copy of 'assets/js/bootstrap.min.js', LF will be replaced by CRLF the next time Git touches it


----------

Thu Dec 15 2022 02:45:51 GMT+0500 (Pakistan Standard Time)

warning: in the working copy of 'assets/js/bs-init.js', LF will be replaced by CRLF the next time Git touches it


----------

Thu Dec 15 2022 02:45:51 GMT+0500 (Pakistan Standard Time)

warning: in the working copy of 'assets/js/chart.min.min.js', LF will be replaced by CRLF the next time Git touches it


----------

Thu Dec 15 2022 02:45:51 GMT+0500 (Pakistan Standard Time)

warning: in the working copy of 'assets/js/theme.js', LF will be replaced by CRLF the next time Git touches it


----------

Thu Dec 15 2022 02:45:59 GMT+0500 (Pakistan Standard Time)

To https://github.com/Usman-Ashfi/Physio.github.io.git
   57e2dbd..8bd6992  main -> main


----------

Thu Dec 15 2022 15:00:51 GMT+0500 (Pakistan Standard Time)

warning: in the working copy of 'D-Appointments.html', LF will be replaced by CRLF the next time Git touches it


----------

Thu Dec 15 2022 15:00:51 GMT+0500 (Pakistan Standard Time)

warning: in the working copy of 'D-Chats.html', LF will be replaced by CRLF the next time Git touches it


----------

Thu Dec 15 2022 15:00:51 GMT+0500 (Pakistan Standard Time)

warning: in the working copy of 'D-Dashboard.html', LF will be replaced by CRLF the next time Git touches it


----------

Thu Dec 15 2022 15:00:51 GMT+0500 (Pakistan Standard Time)

warning: in the working copy of 'D-Home.html', LF will be replaced by CRLF the next time Git touches it


----------

Thu Dec 15 2022 15:00:51 GMT+0500 (Pakistan Standard Time)

warning: in the working copy of 'D-Patients.html', LF will be replaced by CRLF the next time Git touches it


----------

Thu Dec 15 2022 15:00:51 GMT+0500 (Pakistan Standard Time)

warning: in the working copy of 'D-Profile.html', LF will be replaced by CRLF the next time Git touches it


----------

Thu Dec 15 2022 15:00:51 GMT+0500 (Pakistan Standard Time)

warning: in the working copy of 'D-ProfileEdit.html', LF will be replaced by CRLF the next time Git touches it


----------

Thu Dec 15 2022 15:00:51 GMT+0500 (Pakistan Standard Time)

warning: in the working copy of 'D-login.html', LF will be replaced by CRLF the next time Git touches it


----------

Thu Dec 15 2022 15:00:51 GMT+0500 (Pakistan Standard Time)

warning: in the working copy of 'D-signup.html', LF will be replaced by CRLF the next time Git touches it


----------

Thu Dec 15 2022 15:00:51 GMT+0500 (Pakistan Standard Time)

warning: in the working copy of 'assets/bootstrap/css/bootstrap.min.css', LF will be replaced by CRLF the next time Git touches it


----------

Thu Dec 15 2022 15:00:51 GMT+0500 (Pakistan Standard Time)

warning: in the working copy of 'assets/bootstrap/js/bootstrap.min.js', LF will be replaced by CRLF the next time Git touches it


----------

Thu Dec 15 2022 15:00:51 GMT+0500 (Pakistan Standard Time)

warning: in the working copy of 'assets/css/Appointments.css', LF will be replaced by CRLF the next time Git touches it


----------

Thu Dec 15 2022 15:00:51 GMT+0500 (Pakistan Standard Time)

warning: in the working copy of 'assets/css/Background-motion1-Button-Outlines---Pretty.css', LF will be replaced by CRLF the next time Git touches it


----------

Thu Dec 15 2022 15:00:51 GMT+0500 (Pakistan Standard Time)

warning: in the working copy of 'assets/css/Background-motion1-untitled.css', LF will be replaced by CRLF the next time Git touches it


----------

Thu Dec 15 2022 15:00:51 GMT+0500 (Pakistan Standard Time)

warning: in the working copy of 'assets/css/Bootstrap-Chat.css', LF will be replaced by CRLF the next time Git touches it


----------

Thu Dec 15 2022 15:00:51 GMT+0500 (Pakistan Standard Time)

warning: in the working copy of 'assets/css/Hero-Features-icons.css', LF will be replaced by CRLF the next time Git touches it


----------

Thu Dec 15 2022 15:00:51 GMT+0500 (Pakistan Standard Time)

warning: in the working copy of 'assets/css/aos.min.css', LF will be replaced by CRLF the next time Git touches it


----------

Thu Dec 15 2022 15:00:51 GMT+0500 (Pakistan Standard Time)

warning: in the working copy of 'assets/css/bar.css', LF will be replaced by CRLF the next time Git touches it


----------

Thu Dec 15 2022 15:00:51 GMT+0500 (Pakistan Standard Time)

warning: in the working copy of 'assets/css/bootstrap.min.css', LF will be replaced by CRLF the next time Git touches it


----------

Thu Dec 15 2022 15:00:51 GMT+0500 (Pakistan Standard Time)

warning: in the working copy of 'assets/css/dh-card-image-left-dark.css', LF will be replaced by CRLF the next time Git touches it


----------

Thu Dec 15 2022 15:00:51 GMT+0500 (Pakistan Standard Time)

warning: in the working copy of 'assets/css/profile.css', LF will be replaced by CRLF the next time Git touches it


----------

Thu Dec 15 2022 15:00:51 GMT+0500 (Pakistan Standard Time)

warning: in the working copy of 'assets/css/search.css', LF will be replaced by CRLF the next time Git touches it


----------

Thu Dec 15 2022 15:00:51 GMT+0500 (Pakistan Standard Time)

warning: in the working copy of 'assets/fonts/MaterialIcons-Regular.svg', LF will be replaced by CRLF the next time Git touches it


----------

Thu Dec 15 2022 15:00:51 GMT+0500 (Pakistan Standard Time)

warning: in the working copy of 'assets/fonts/fa-brands-400.svg', LF will be replaced by CRLF the next time Git touches it


----------

Thu Dec 15 2022 15:00:51 GMT+0500 (Pakistan Standard Time)

warning: in the working copy of 'assets/fonts/fa-regular-400.svg', LF will be replaced by CRLF the next time Git touches it


----------

Thu Dec 15 2022 15:00:51 GMT+0500 (Pakistan Standard Time)

warning: in the working copy of 'assets/fonts/fa-solid-900.svg', LF will be replaced by CRLF the next time Git touches it


----------

Thu Dec 15 2022 15:00:51 GMT+0500 (Pakistan Standard Time)

warning: in the working copy of 'assets/fonts/font-awesome.min.css', LF will be replaced by CRLF the next time Git touches it
warning: in the working copy of 'assets/fonts/fontawesome-all.min.css', LF will be replaced by CRLF the next time Git touches it


----------

Thu Dec 15 2022 15:00:51 GMT+0500 (Pakistan Standard Time)

warning: in the working copy of 'assets/fonts/fontawesome-webfont.svg', LF will be replaced by CRLF the next time Git touches it


----------

Thu Dec 15 2022 15:00:51 GMT+0500 (Pakistan Standard Time)

warning: in the working copy of 'assets/fonts/ionicons.min.css', LF will be replaced by CRLF the next time Git touches it


----------

Thu Dec 15 2022 15:00:51 GMT+0500 (Pakistan Standard Time)

warning: in the working copy of 'assets/fonts/ionicons.svg', LF will be replaced by CRLF the next time Git touches it


----------

Thu Dec 15 2022 15:00:51 GMT+0500 (Pakistan Standard Time)

warning: in the working copy of 'assets/fonts/typicons.svg', LF will be replaced by CRLF the next time Git touches it


----------

Thu Dec 15 2022 15:00:51 GMT+0500 (Pakistan Standard Time)

warning: in the working copy of 'assets/js/Animated-gradient-background.js', LF will be replaced by CRLF the next time Git touches it


----------

Thu Dec 15 2022 15:00:51 GMT+0500 (Pakistan Standard Time)

warning: in the working copy of 'assets/js/bootstrap.min.js', LF will be replaced by CRLF the next time Git touches it


----------

Thu Dec 15 2022 15:00:51 GMT+0500 (Pakistan Standard Time)

warning: in the working copy of 'assets/js/bs-init.js', LF will be replaced by CRLF the next time Git touches it


----------

Thu Dec 15 2022 15:00:51 GMT+0500 (Pakistan Standard Time)

warning: in the working copy of 'assets/css/File Upload Profile.css', LF will be replaced by CRLF the next time Git touches it


----------

Thu Dec 15 2022 15:00:51 GMT+0500 (Pakistan Standard Time)

warning: in the working copy of 'assets/css/login.css', LF will be replaced by CRLF the next time Git touches it


----------

Thu Dec 15 2022 15:00:51 GMT+0500 (Pakistan Standard Time)

warning: in the working copy of 'assets/js/jquery.min.js', LF will be replaced by CRLF the next time Git touches it


----------

Thu Dec 15 2022 15:00:51 GMT+0500 (Pakistan Standard Time)

warning: in the working copy of 'assets/js/login.js', LF will be replaced by CRLF the next time Git touches it


----------

Thu Dec 15 2022 15:00:51 GMT+0500 (Pakistan Standard Time)

warning: in the working copy of 'error.log', LF will be replaced by CRLF the next time Git touches it


----------

Thu Dec 15 2022 15:00:54 GMT+0500 (Pakistan Standard Time)

To https://github.com/Usman-Ashfi/Physio.github.io.git
   8bd6992..fadae6d  main -> main


----------

Thu Dec 15 2022 15:29:12 GMT+0500 (Pakistan Standard Time)

warning: in the working copy of 'D-Appointments.html', LF will be replaced by CRLF the next time Git touches it


----------

Thu Dec 15 2022 15:29:12 GMT+0500 (Pakistan Standard Time)

warning: in the working copy of 'D-Chats.html', LF will be replaced by CRLF the next time Git touches it


----------

Thu Dec 15 2022 15:29:12 GMT+0500 (Pakistan Standard Time)

warning: in the working copy of 'D-Dashboard.html', LF will be replaced by CRLF the next time Git touches it


----------

Thu Dec 15 2022 15:29:12 GMT+0500 (Pakistan Standard Time)

warning: in the working copy of 'D-Home.html', LF will be replaced by CRLF the next time Git touches it


----------

Thu Dec 15 2022 15:29:12 GMT+0500 (Pakistan Standard Time)

warning: in the working copy of 'D-Patients.html', LF will be replaced by CRLF the next time Git touches it


----------

Thu Dec 15 2022 15:29:12 GMT+0500 (Pakistan Standard Time)

warning: in the working copy of 'D-Profile.html', LF will be replaced by CRLF the next time Git touches it


----------

Thu Dec 15 2022 15:29:12 GMT+0500 (Pakistan Standard Time)

warning: in the working copy of 'D-ProfileEdit.html', LF will be replaced by CRLF the next time Git touches it


----------

Thu Dec 15 2022 15:29:12 GMT+0500 (Pakistan Standard Time)

warning: in the working copy of 'D-login.html', LF will be replaced by CRLF the next time Git touches it


----------

Thu Dec 15 2022 15:29:12 GMT+0500 (Pakistan Standard Time)

warning: in the working copy of 'D-signup.html', LF will be replaced by CRLF the next time Git touches it


----------

Thu Dec 15 2022 15:29:12 GMT+0500 (Pakistan Standard Time)

warning: in the working copy of 'assets/bootstrap/css/bootstrap.min.css', LF will be replaced by CRLF the next time Git touches it


----------

Thu Dec 15 2022 15:29:12 GMT+0500 (Pakistan Standard Time)

warning: in the working copy of 'assets/bootstrap/js/bootstrap.min.js', LF will be replaced by CRLF the next time Git touches it


----------

Thu Dec 15 2022 15:29:12 GMT+0500 (Pakistan Standard Time)

warning: in the working copy of 'assets/css/Background-motion1-untitled.css', LF will be replaced by CRLF the next time Git touches it


----------

Thu Dec 15 2022 15:29:12 GMT+0500 (Pakistan Standard Time)

warning: in the working copy of 'assets/css/Bootstrap-Chat.css', LF will be replaced by CRLF the next time Git touches it


----------

Thu Dec 15 2022 15:29:12 GMT+0500 (Pakistan Standard Time)

warning: in the working copy of 'assets/css/File Upload Profile.css', LF will be replaced by CRLF the next time Git touches it


----------

Thu Dec 15 2022 15:29:12 GMT+0500 (Pakistan Standard Time)

warning: in the working copy of 'assets/css/aos.min.css', LF will be replaced by CRLF the next time Git touches it


----------

Thu Dec 15 2022 15:29:12 GMT+0500 (Pakistan Standard Time)

warning: in the working copy of 'assets/css/bar.css', LF will be replaced by CRLF the next time Git touches it


----------

Thu Dec 15 2022 15:29:12 GMT+0500 (Pakistan Standard Time)

warning: in the working copy of 'assets/css/bootstrap.min.css', LF will be replaced by CRLF the next time Git touches it


----------

Thu Dec 15 2022 15:29:12 GMT+0500 (Pakistan Standard Time)

warning: in the working copy of 'assets/css/dh-card-image-left-dark.css', LF will be replaced by CRLF the next time Git touches it


----------

Thu Dec 15 2022 15:29:12 GMT+0500 (Pakistan Standard Time)

warning: in the working copy of 'assets/css/login.css', LF will be replaced by CRLF the next time Git touches it


----------

Thu Dec 15 2022 15:29:12 GMT+0500 (Pakistan Standard Time)

warning: in the working copy of 'assets/css/profile.css', LF will be replaced by CRLF the next time Git touches it


----------

Thu Dec 15 2022 15:29:12 GMT+0500 (Pakistan Standard Time)

warning: in the working copy of 'assets/css/search.css', LF will be replaced by CRLF the next time Git touches it


----------

Thu Dec 15 2022 15:29:12 GMT+0500 (Pakistan Standard Time)

warning: in the working copy of 'assets/fonts/MaterialIcons-Regular.svg', LF will be replaced by CRLF the next time Git touches it


----------

Thu Dec 15 2022 15:29:12 GMT+0500 (Pakistan Standard Time)

warning: in the working copy of 'assets/fonts/fa-brands-400.svg', LF will be replaced by CRLF the next time Git touches it


----------

Thu Dec 15 2022 15:29:12 GMT+0500 (Pakistan Standard Time)

warning: in the working copy of 'assets/fonts/fa-regular-400.svg', LF will be replaced by CRLF the next time Git touches it


----------

Thu Dec 15 2022 15:29:12 GMT+0500 (Pakistan Standard Time)

warning: in the working copy of 'assets/fonts/fa-solid-900.svg', LF will be replaced by CRLF the next time Git touches it


----------

Thu Dec 15 2022 15:29:13 GMT+0500 (Pakistan Standard Time)

warning: in the working copy of 'assets/fonts/font-awesome.min.css', LF will be replaced by CRLF the next time Git touches it


----------

Thu Dec 15 2022 15:29:13 GMT+0500 (Pakistan Standard Time)

warning: in the working copy of 'assets/fonts/fontawesome-all.min.css', LF will be replaced by CRLF the next time Git touches it


----------

Thu Dec 15 2022 15:29:13 GMT+0500 (Pakistan Standard Time)

warning: in the working copy of 'assets/fonts/fontawesome-webfont.svg', LF will be replaced by CRLF the next time Git touches it


----------

Thu Dec 15 2022 15:29:13 GMT+0500 (Pakistan Standard Time)

warning: in the working copy of 'assets/fonts/ionicons.min.css', LF will be replaced by CRLF the next time Git touches it


----------

Thu Dec 15 2022 15:29:13 GMT+0500 (Pakistan Standard Time)

warning: in the working copy of 'assets/fonts/ionicons.svg', LF will be replaced by CRLF the next time Git touches it


----------

Thu Dec 15 2022 15:29:13 GMT+0500 (Pakistan Standard Time)

warning: in the working copy of 'assets/fonts/typicons.svg', LF will be replaced by CRLF the next time Git touches it


----------

Thu Dec 15 2022 15:29:13 GMT+0500 (Pakistan Standard Time)

warning: in the working copy of 'assets/js/Animated-gradient-background.js', LF will be replaced by CRLF the next time Git touches it


----------

Thu Dec 15 2022 15:29:13 GMT+0500 (Pakistan Standard Time)

warning: in the working copy of 'assets/js/bootstrap.min.js', LF will be replaced by CRLF the next time Git touches it


----------

Thu Dec 15 2022 15:29:13 GMT+0500 (Pakistan Standard Time)

warning: in the working copy of 'assets/js/bs-init.js', LF will be replaced by CRLF the next time Git touches it


----------

Thu Dec 15 2022 15:29:13 GMT+0500 (Pakistan Standard Time)

warning: in the working copy of 'assets/js/login.js', LF will be replaced by CRLF the next time Git touches it


----------

Thu Dec 15 2022 15:29:13 GMT+0500 (Pakistan Standard Time)

warning: in the working copy of 'assets/js/theme.js', LF will be replaced by CRLF the next time Git touches it


----------

Thu Dec 15 2022 15:29:13 GMT+0500 (Pakistan Standard Time)

warning: in the working copy of 'error.log', LF will be replaced by CRLF the next time Git touches it


----------

Thu Dec 15 2022 15:29:15 GMT+0500 (Pakistan Standard Time)

To https://github.com/Usman-Ashfi/Physio.github.io.git
   fadae6d..38a0a60  main -> main


----------

Fri Jan 20 2023 19:09:13 GMT+0300 (Arabian Standard Time)

warning: in the working copy of 'D-Appointments.html', LF will be replaced by CRLF the next time Git touches it


----------

Fri Jan 20 2023 19:09:13 GMT+0300 (Arabian Standard Time)

warning: in the working copy of 'D-Chats.html', LF will be replaced by CRLF the next time Git touches it


----------

Fri Jan 20 2023 19:09:13 GMT+0300 (Arabian Standard Time)

warning: in the working copy of 'D-Dashboard.html', LF will be replaced by CRLF the next time Git touches it


----------

Fri Jan 20 2023 19:09:13 GMT+0300 (Arabian Standard Time)

warning: in the working copy of 'D-Home.html', LF will be replaced by CRLF the next time Git touches it


----------

Fri Jan 20 2023 19:09:13 GMT+0300 (Arabian Standard Time)

warning: in the working copy of 'D-Patients.html', LF will be replaced by CRLF the next time Git touches it


----------

Fri Jan 20 2023 19:09:13 GMT+0300 (Arabian Standard Time)

warning: in the working copy of 'D-Profile.html', LF will be replaced by CRLF the next time Git touches it


----------

Fri Jan 20 2023 19:09:13 GMT+0300 (Arabian Standard Time)

warning: in the working copy of 'D-ProfileEdit.html', LF will be replaced by CRLF the next time Git touches it


----------

Fri Jan 20 2023 19:09:13 GMT+0300 (Arabian Standard Time)

warning: in the working copy of 'D-login.html', LF will be replaced by CRLF the next time Git touches it


----------

Fri Jan 20 2023 19:09:13 GMT+0300 (Arabian Standard Time)

warning: in the working copy of 'D-signup.html', LF will be replaced by CRLF the next time Git touches it


----------

Fri Jan 20 2023 19:09:13 GMT+0300 (Arabian Standard Time)

warning: in the working copy of 'assets/bootstrap/css/bootstrap.min.css', LF will be replaced by CRLF the next time Git touches it


----------

Fri Jan 20 2023 19:09:13 GMT+0300 (Arabian Standard Time)

warning: in the working copy of 'assets/bootstrap/js/bootstrap.min.js', LF will be replaced by CRLF the next time Git touches it


----------

Fri Jan 20 2023 19:09:13 GMT+0300 (Arabian Standard Time)

warning: in the working copy of 'assets/css/Background-motion1-untitled.css', LF will be replaced by CRLF the next time Git touches it


----------

Fri Jan 20 2023 19:09:13 GMT+0300 (Arabian Standard Time)

warning: in the working copy of 'assets/css/Bootstrap-Chat.css', LF will be replaced by CRLF the next time Git touches it


----------

Fri Jan 20 2023 19:09:13 GMT+0300 (Arabian Standard Time)

warning: in the working copy of 'assets/css/File Upload Profile.css', LF will be replaced by CRLF the next time Git touches it


----------

Fri Jan 20 2023 19:09:13 GMT+0300 (Arabian Standard Time)

warning: in the working copy of 'assets/css/aos.min.css', LF will be replaced by CRLF the next time Git touches it


----------

Fri Jan 20 2023 19:09:13 GMT+0300 (Arabian Standard Time)

warning: in the working copy of 'assets/css/bar.css', LF will be replaced by CRLF the next time Git touches it


----------

Fri Jan 20 2023 19:09:13 GMT+0300 (Arabian Standard Time)

warning: in the working copy of 'assets/css/bootstrap.min.css', LF will be replaced by CRLF the next time Git touches it


----------

Fri Jan 20 2023 19:09:13 GMT+0300 (Arabian Standard Time)

warning: in the working copy of 'assets/css/dh-card-image-left-dark.css', LF will be replaced by CRLF the next time Git touches it


----------

Fri Jan 20 2023 19:09:13 GMT+0300 (Arabian Standard Time)

warning: in the working copy of 'assets/css/login.css', LF will be replaced by CRLF the next time Git touches it


----------

Fri Jan 20 2023 19:09:13 GMT+0300 (Arabian Standard Time)

warning: in the working copy of 'assets/css/profile.css', LF will be replaced by CRLF the next time Git touches it


----------

Fri Jan 20 2023 19:09:13 GMT+0300 (Arabian Standard Time)

warning: in the working copy of 'assets/css/search.css', LF will be replaced by CRLF the next time Git touches it


----------

Fri Jan 20 2023 19:09:13 GMT+0300 (Arabian Standard Time)

warning: in the working copy of 'assets/fonts/MaterialIcons-Regular.svg', LF will be replaced by CRLF the next time Git touches it


----------

Fri Jan 20 2023 19:09:13 GMT+0300 (Arabian Standard Time)

warning: in the working copy of 'assets/fonts/fa-brands-400.svg', LF will be replaced by CRLF the next time Git touches it


----------

Fri Jan 20 2023 19:09:13 GMT+0300 (Arabian Standard Time)

warning: in the working copy of 'assets/fonts/fa-regular-400.svg', LF will be replaced by CRLF the next time Git touches it


----------

Fri Jan 20 2023 19:09:13 GMT+0300 (Arabian Standard Time)

warning: in the working copy of 'assets/fonts/fa-solid-900.svg', LF will be replaced by CRLF the next time Git touches it


----------

Fri Jan 20 2023 19:09:13 GMT+0300 (Arabian Standard Time)

warning: in the working copy of 'assets/fonts/font-awesome.min.css', LF will be replaced by CRLF the next time Git touches it


----------

Fri Jan 20 2023 19:09:13 GMT+0300 (Arabian Standard Time)

warning: in the working copy of 'assets/fonts/fontawesome-all.min.css', LF will be replaced by CRLF the next time Git touches it


----------

Fri Jan 20 2023 19:09:13 GMT+0300 (Arabian Standard Time)

warning: in the working copy of 'assets/fonts/fontawesome-webfont.svg', LF will be replaced by CRLF the next time Git touches it


----------

Fri Jan 20 2023 19:09:13 GMT+0300 (Arabian Standard Time)

warning: in the working copy of 'assets/fonts/ionicons.min.css', LF will be replaced by CRLF the next time Git touches it


----------

Fri Jan 20 2023 19:09:13 GMT+0300 (Arabian Standard Time)

warning: in the working copy of 'assets/fonts/ionicons.svg', LF will be replaced by CRLF the next time Git touches it


----------

Fri Jan 20 2023 19:09:13 GMT+0300 (Arabian Standard Time)

warning: in the working copy of 'assets/fonts/typicons.svg', LF will be replaced by CRLF the next time Git touches it


----------

Fri Jan 20 2023 19:09:13 GMT+0300 (Arabian Standard Time)

warning: in the working copy of 'assets/js/Animated-gradient-background.js', LF will be replaced by CRLF the next time Git touches it


----------

Fri Jan 20 2023 19:09:13 GMT+0300 (Arabian Standard Time)

warning: in the working copy of 'assets/js/bootstrap.min.js', LF will be replaced by CRLF the next time Git touches it


----------

Fri Jan 20 2023 19:09:13 GMT+0300 (Arabian Standard Time)

warning: in the working copy of 'assets/js/bs-init.js', LF will be replaced by CRLF the next time Git touches it


----------

Fri Jan 20 2023 19:09:13 GMT+0300 (Arabian Standard Time)

warning: in the working copy of 'assets/js/login.js', LF will be replaced by CRLF the next time Git touches it


----------

Fri Jan 20 2023 19:09:13 GMT+0300 (Arabian Standard Time)

warning: in the working copy of 'assets/js/theme.js', LF will be replaced by CRLF the next time Git touches it


----------

Fri Jan 20 2023 19:09:13 GMT+0300 (Arabian Standard Time)

warning: in the working copy of 'error.log', LF will be replaced by CRLF the next time Git touches it


----------

Fri Jan 20 2023 19:09:15 GMT+0300 (Arabian Standard Time)

To https://github.com/Usman-Ashfi/Physio.github.io.git
   38a0a60..1abe212  main -> main


----------

Fri Jan 20 2023 19:30:07 GMT+0300 (Arabian Standard Time)

warning: in the working copy of 'D-Appointments.html', LF will be replaced by CRLF the next time Git touches it


----------

Fri Jan 20 2023 19:30:07 GMT+0300 (Arabian Standard Time)

warning: in the working copy of 'D-Chats.html', LF will be replaced by CRLF the next time Git touches it


----------

Fri Jan 20 2023 19:30:07 GMT+0300 (Arabian Standard Time)

warning: in the working copy of 'D-Dashboard.html', LF will be replaced by CRLF the next time Git touches it


----------

Fri Jan 20 2023 19:30:07 GMT+0300 (Arabian Standard Time)

warning: in the working copy of 'D-Home.html', LF will be replaced by CRLF the next time Git touches it


----------

Fri Jan 20 2023 19:30:07 GMT+0300 (Arabian Standard Time)

warning: in the working copy of 'D-Patients.html', LF will be replaced by CRLF the next time Git touches it


----------

Fri Jan 20 2023 19:30:07 GMT+0300 (Arabian Standard Time)

warning: in the working copy of 'D-Profile.html', LF will be replaced by CRLF the next time Git touches it


----------

Fri Jan 20 2023 19:30:07 GMT+0300 (Arabian Standard Time)

warning: in the working copy of 'D-ProfileEdit.html', LF will be replaced by CRLF the next time Git touches it


----------

Fri Jan 20 2023 19:30:07 GMT+0300 (Arabian Standard Time)

warning: in the working copy of 'D-login.html', LF will be replaced by CRLF the next time Git touches it


----------

Fri Jan 20 2023 19:30:07 GMT+0300 (Arabian Standard Time)

warning: in the working copy of 'D-signup.html', LF will be replaced by CRLF the next time Git touches it


----------

Fri Jan 20 2023 19:30:07 GMT+0300 (Arabian Standard Time)

warning: in the working copy of 'assets/bootstrap/css/bootstrap.min.css', LF will be replaced by CRLF the next time Git touches it


----------

Fri Jan 20 2023 19:30:07 GMT+0300 (Arabian Standard Time)

warning: in the working copy of 'assets/bootstrap/js/bootstrap.min.js', LF will be replaced by CRLF the next time Git touches it


----------

Fri Jan 20 2023 19:30:07 GMT+0300 (Arabian Standard Time)

warning: in the working copy of 'assets/css/Background-motion1-untitled.css', LF will be replaced by CRLF the next time Git touches it


----------

Fri Jan 20 2023 19:30:07 GMT+0300 (Arabian Standard Time)

warning: in the working copy of 'assets/css/Bootstrap-Chat.css', LF will be replaced by CRLF the next time Git touches it


----------

Fri Jan 20 2023 19:30:07 GMT+0300 (Arabian Standard Time)

warning: in the working copy of 'assets/css/File Upload Profile.css', LF will be replaced by CRLF the next time Git touches it


----------

Fri Jan 20 2023 19:30:07 GMT+0300 (Arabian Standard Time)

warning: in the working copy of 'assets/css/aos.min.css', LF will be replaced by CRLF the next time Git touches it


----------

Fri Jan 20 2023 19:30:07 GMT+0300 (Arabian Standard Time)

warning: in the working copy of 'assets/css/bar.css', LF will be replaced by CRLF the next time Git touches it


----------

Fri Jan 20 2023 19:30:07 GMT+0300 (Arabian Standard Time)

warning: in the working copy of 'assets/css/bootstrap.min.css', LF will be replaced by CRLF the next time Git touches it


----------

Fri Jan 20 2023 19:30:07 GMT+0300 (Arabian Standard Time)

warning: in the working copy of 'assets/css/dh-card-image-left-dark.css', LF will be replaced by CRLF the next time Git touches it


----------

Fri Jan 20 2023 19:30:07 GMT+0300 (Arabian Standard Time)

warning: in the working copy of 'assets/css/login.css', LF will be replaced by CRLF the next time Git touches it


----------

Fri Jan 20 2023 19:30:07 GMT+0300 (Arabian Standard Time)

warning: in the working copy of 'assets/css/profile.css', LF will be replaced by CRLF the next time Git touches it


----------

Fri Jan 20 2023 19:30:07 GMT+0300 (Arabian Standard Time)

warning: in the working copy of 'assets/css/search.css', LF will be replaced by CRLF the next time Git touches it


----------

Fri Jan 20 2023 19:30:07 GMT+0300 (Arabian Standard Time)

warning: in the working copy of 'assets/fonts/MaterialIcons-Regular.svg', LF will be replaced by CRLF the next time Git touches it


----------

Fri Jan 20 2023 19:30:07 GMT+0300 (Arabian Standard Time)

warning: in the working copy of 'assets/fonts/fa-brands-400.svg', LF will be replaced by CRLF the next time Git touches it


----------

Fri Jan 20 2023 19:30:07 GMT+0300 (Arabian Standard Time)

warning: in the working copy of 'assets/fonts/fa-regular-400.svg', LF will be replaced by CRLF the next time Git touches it


----------

Fri Jan 20 2023 19:30:07 GMT+0300 (Arabian Standard Time)

warning: in the working copy of 'assets/fonts/fa-solid-900.svg', LF will be replaced by CRLF the next time Git touches it


----------

Fri Jan 20 2023 19:30:07 GMT+0300 (Arabian Standard Time)

warning: in the working copy of 'assets/fonts/font-awesome.min.css', LF will be replaced by CRLF the next time Git touches it


----------

Fri Jan 20 2023 19:30:07 GMT+0300 (Arabian Standard Time)

warning: in the working copy of 'assets/fonts/fontawesome-all.min.css', LF will be replaced by CRLF the next time Git touches it


----------

Fri Jan 20 2023 19:30:07 GMT+0300 (Arabian Standard Time)

warning: in the working copy of 'assets/fonts/fontawesome-webfont.svg', LF will be replaced by CRLF the next time Git touches it


----------

Fri Jan 20 2023 19:30:07 GMT+0300 (Arabian Standard Time)

warning: in the working copy of 'assets/fonts/ionicons.min.css', LF will be replaced by CRLF the next time Git touches it


----------

Fri Jan 20 2023 19:30:07 GMT+0300 (Arabian Standard Time)

warning: in the working copy of 'assets/fonts/ionicons.svg', LF will be replaced by CRLF the next time Git touches it


----------

Fri Jan 20 2023 19:30:07 GMT+0300 (Arabian Standard Time)

warning: in the working copy of 'assets/fonts/typicons.svg', LF will be replaced by CRLF the next time Git touches it


----------

Fri Jan 20 2023 19:30:07 GMT+0300 (Arabian Standard Time)

warning: in the working copy of 'assets/js/Animated-gradient-background.js', LF will be replaced by CRLF the next time Git touches it


----------

Fri Jan 20 2023 19:30:07 GMT+0300 (Arabian Standard Time)

warning: in the working copy of 'assets/js/bootstrap.min.js', LF will be replaced by CRLF the next time Git touches it


----------

Fri Jan 20 2023 19:30:07 GMT+0300 (Arabian Standard Time)

warning: in the working copy of 'assets/js/bs-init.js', LF will be replaced by CRLF the next time Git touches it


----------

Fri Jan 20 2023 19:30:07 GMT+0300 (Arabian Standard Time)

warning: in the working copy of 'assets/js/login.js', LF will be replaced by CRLF the next time Git touches it


----------

Fri Jan 20 2023 19:30:07 GMT+0300 (Arabian Standard Time)

warning: in the working copy of 'assets/js/theme.js', LF will be replaced by CRLF the next time Git touches it


----------

Fri Jan 20 2023 19:30:07 GMT+0300 (Arabian Standard Time)

warning: in the working copy of 'error.log', LF will be replaced by CRLF the next time Git touches it


----------

Fri Jan 20 2023 19:30:09 GMT+0300 (Arabian Standard Time)

To https://github.com/Usman-Ashfi/Physio.github.io.git
   1abe212..0906aed  main -> main


----------

Wed Jan 25 2023 18:58:01 GMT+0300 (Arabian Standard Time)

'git' is not recognized as an internal or external command,
operable program or batch file.


----------

Wed Jan 25 2023 18:58:01 GMT+0300 (Arabian Standard Time)

'git' is not recognized as an internal or external command,
operable program or batch file.


----------

Wed Jan 25 2023 18:58:01 GMT+0300 (Arabian Standard Time)

'git' is not recognized as an internal or external command,
operable program or batch file.


----------

Wed Jan 25 2023 19:17:30 GMT+0300 (Arabian Standard Time)

'git' is not recognized as an internal or external command,
operable program or batch file.


----------

Wed Jan 25 2023 19:17:30 GMT+0300 (Arabian Standard Time)

'git' is not recognized as an internal or external command,
operable program or batch file.


----------

Wed Jan 25 2023 19:17:30 GMT+0300 (Arabian Standard Time)

'git' is not recognized as an internal or external command,
operable program or batch file.


----------

Wed Jan 25 2023 20:12:59 GMT+0300 (Arabian Standard Time)

'git' is not recognized as an internal or external command,
operable program or batch file.


----------

Wed Jan 25 2023 20:12:59 GMT+0300 (Arabian Standard Time)

'git' is not recognized as an internal or external command,
operable program or batch file.


----------

Wed Jan 25 2023 20:12:59 GMT+0300 (Arabian Standard Time)

'git' is not recognized as an internal or external command,
operable program or batch file.


----------

Thu Jan 26 2023 23:11:04 GMT+0300 (Arabian Standard Time)

'git' is not recognized as an internal or external command,
operable program or batch file.


----------

Thu Jan 26 2023 23:11:04 GMT+0300 (Arabian Standard Time)

'git' is not recognized as an internal or external command,
operable program or batch file.


----------

Thu Jan 26 2023 23:11:04 GMT+0300 (Arabian Standard Time)

'git' is not recognized as an internal or external command,
operable program or batch file.


----------

Thu Jan 26 2023 23:17:16 GMT+0300 (Arabian Standard Time)

'git' is not recognized as an internal or external command,
operable program or batch file.


----------

Thu Jan 26 2023 23:17:16 GMT+0300 (Arabian Standard Time)

'git' is not recognized as an internal or external command,
operable program or batch file.


----------

Thu Jan 26 2023 23:17:16 GMT+0300 (Arabian Standard Time)

'git' is not recognized as an internal or external command,
operable program or batch file.


----------

Fri Jan 27 2023 00:36:45 GMT+0300 (Arabian Standard Time)

'git' is not recognized as an internal or external command,
operable program or batch file.


----------

Fri Jan 27 2023 00:36:45 GMT+0300 (Arabian Standard Time)

'git' is not recognized as an internal or external command,
operable program or batch file.


----------

Fri Jan 27 2023 00:36:45 GMT+0300 (Arabian Standard Time)

'git' is not recognized as an internal or external command,
operable program or batch file.


----------

Fri Jan 27 2023 02:38:11 GMT+0300 (Arabian Standard Time)

'git' is not recognized as an internal or external command,
operable program or batch file.


----------

Fri Jan 27 2023 02:38:11 GMT+0300 (Arabian Standard Time)

'git' is not recognized as an internal or external command,
operable program or batch file.


----------

Fri Jan 27 2023 02:38:11 GMT+0300 (Arabian Standard Time)

'git' is not recognized as an internal or external command,
operable program or batch file.


----------

Fri Jan 27 2023 03:22:12 GMT+0300 (Arabian Standard Time)

'git' is not recognized as an internal or external command,
operable program or batch file.


----------

Fri Jan 27 2023 03:22:12 GMT+0300 (Arabian Standard Time)

'git' is not recognized as an internal or external command,
operable program or batch file.


----------

Fri Jan 27 2023 03:22:12 GMT+0300 (Arabian Standard Time)

'git' is not recognized as an internal or external command,
operable program or batch file.


----------

Fri Jan 27 2023 03:24:35 GMT+0300 (Arabian Standard Time)

'git' is not recognized as an internal or external command,
operable program or batch file.


----------

Fri Jan 27 2023 03:24:35 GMT+0300 (Arabian Standard Time)

'git' is not recognized as an internal or external command,
operable program or batch file.


----------

Fri Jan 27 2023 03:24:35 GMT+0300 (Arabian Standard Time)

'git' is not recognized as an internal or external command,
operable program or batch file.


----------

Fri Jan 27 2023 03:32:10 GMT+0300 (Arabian Standard Time)

'git' is not recognized as an internal or external command,
operable program or batch file.


----------

Fri Jan 27 2023 03:32:10 GMT+0300 (Arabian Standard Time)

'git' is not recognized as an internal or external command,
operable program or batch file.


----------

Fri Jan 27 2023 03:32:10 GMT+0300 (Arabian Standard Time)

'git' is not recognized as an internal or external command,
operable program or batch file.


----------

Fri Jan 27 2023 03:33:13 GMT+0300 (Arabian Standard Time)

'git' is not recognized as an internal or external command,
operable program or batch file.


----------

Fri Jan 27 2023 03:33:13 GMT+0300 (Arabian Standard Time)

'git' is not recognized as an internal or external command,
operable program or batch file.


----------

Fri Jan 27 2023 03:33:13 GMT+0300 (Arabian Standard Time)

'git' is not recognized as an internal or external command,
operable program or batch file.


----------

Fri Jan 27 2023 03:34:19 GMT+0300 (Arabian Standard Time)

'git' is not recognized as an internal or external command,
operable program or batch file.


----------

Fri Jan 27 2023 03:34:19 GMT+0300 (Arabian Standard Time)

'git' is not recognized as an internal or external command,
operable program or batch file.


----------

Fri Jan 27 2023 03:34:19 GMT+0300 (Arabian Standard Time)

'git' is not recognized as an internal or external command,
operable program or batch file.


----------

Fri Jan 27 2023 03:35:01 GMT+0300 (Arabian Standard Time)

'git' is not recognized as an internal or external command,
operable program or batch file.


----------

Fri Jan 27 2023 03:35:01 GMT+0300 (Arabian Standard Time)

'git' is not recognized as an internal or external command,
operable program or batch file.


----------

Fri Jan 27 2023 03:35:01 GMT+0300 (Arabian Standard Time)

'git' is not recognized as an internal or external command,
operable program or batch file.


----------

Fri Jan 27 2023 03:38:02 GMT+0300 (Arabian Standard Time)

'git' is not recognized as an internal or external command,
operable program or batch file.


----------

Fri Jan 27 2023 03:38:02 GMT+0300 (Arabian Standard Time)

'git' is not recognized as an internal or external command,
operable program or batch file.


----------

Fri Jan 27 2023 03:38:02 GMT+0300 (Arabian Standard Time)

'git' is not recognized as an internal or external command,
operable program or batch file.


----------

Fri Jan 27 2023 03:40:26 GMT+0300 (Arabian Standard Time)

'git' is not recognized as an internal or external command,
operable program or batch file.


----------

Fri Jan 27 2023 03:40:26 GMT+0300 (Arabian Standard Time)

'git' is not recognized as an internal or external command,
operable program or batch file.


----------

Fri Jan 27 2023 03:40:26 GMT+0300 (Arabian Standard Time)

'git' is not recognized as an internal or external command,
operable program or batch file.


----------

Fri Jan 27 2023 03:40:52 GMT+0300 (Arabian Standard Time)

'git' is not recognized as an internal or external command,
operable program or batch file.


----------

Fri Jan 27 2023 03:40:52 GMT+0300 (Arabian Standard Time)

'git' is not recognized as an internal or external command,
operable program or batch file.


----------

Fri Jan 27 2023 03:40:52 GMT+0300 (Arabian Standard Time)

'git' is not recognized as an internal or external command,
operable program or batch file.


----------

Fri Jan 27 2023 03:44:11 GMT+0300 (Arabian Standard Time)

Script C:\Users\osman\OneDrive\Documents\Physio Doc\.bat couldn't be run

----------

Fri Jan 27 2023 03:44:34 GMT+0300 (Arabian Standard Time)

Script C:\Users\osman\OneDrive\Documents\Physio Doc\.bat couldn't be run

----------

Fri Jan 27 2023 03:50:50 GMT+0300 (Arabian Standard Time)

Script C:\Users\osman\OneDrive\Documents\Physio Doc\.bat couldn't be run

----------

Fri Jan 27 2023 03:51:15 GMT+0300 (Arabian Standard Time)

Script C:\Users\osman\OneDrive\Documents\Physio Doc\.bat couldn't be run

